app/build/intermediates/manifest_merge_blame_file/debug/processDebugMainManifest/manifest-merger-blame-debug-report.txt
1<?xml version="1.0" encoding="utf-8"?>
2<manifest xmlns:android="http://schemas.android.com/apk/res/android"
3    package="com.jabil.securityapp"
4    android:versionCode="1"
5    android:versionName="1.0" >
6
7    <uses-sdk
8        android:minSdkVersion="24"
9        android:targetSdkVersion="36" />
10
11    <uses-permission android:name="android.permission.INTERNET" />
11-->src\main\AndroidManifest.xml:5:5-67
11-->src\main\AndroidManifest.xml:5:22-64
12    <uses-permission android:name="android.permission.CAMERA" />
12-->src\main\AndroidManifest.xml:6:5-65
12-->src\main\AndroidManifest.xml:6:22-62
13    <uses-permission android:name="android.permission.MANAGE_DEVICE_POLICY_CAMERA" />
13-->src\main\AndroidManifest.xml:7:5-86
13-->src\main\AndroidManifest.xml:7:22-83
14    <uses-permission android:name="android.permission.FOREGROUND_SERVICE" />
14-->src\main\AndroidManifest.xml:8:5-77
14-->src\main\AndroidManifest.xml:8:22-74
15    <uses-permission android:name="android.permission.FOREGROUND_SERVICE_SPECIAL_USE" />
15-->src\main\AndroidManifest.xml:9:5-89
15-->src\main\AndroidManifest.xml:9:22-86
16    <uses-permission android:name="android.permission.FOREGROUND_SERVICE_CAMERA" />
16-->src\main\AndroidManifest.xml:10:5-84
16-->src\main\AndroidManifest.xml:10:22-81
17    <uses-permission android:name="android.permission.PACKAGE_USAGE_STATS" />
17-->src\main\AndroidManifest.xml:11:5-13:47
17-->src\main\AndroidManifest.xml:12:9-62
18    <uses-permission android:name="android.permission.SYSTEM_ALERT_WINDOW" />
18-->src\main\AndroidManifest.xml:14:5-78
18-->src\main\AndroidManifest.xml:14:22-75
19    <uses-permission android:name="android.permission.RECEIVE_BOOT_COMPLETED" />
19-->src\main\AndroidManifest.xml:15:5-81
19-->src\main\AndroidManifest.xml:15:22-78
20    <uses-permission android:name="android.permission.WAKE_LOCK" />
20-->src\main\AndroidManifest.xml:16:5-68
20-->src\main\AndroidManifest.xml:16:22-65
21    <uses-permission android:name="android.permission.REORDER_TASKS" /> <!-- Required for scanning -->
21-->src\main\AndroidManifest.xml:17:5-72
21-->src\main\AndroidManifest.xml:17:22-69
22    <uses-feature android:name="android.hardware.camera" />
22-->src\main\AndroidManifest.xml:18:5-60
22-->src\main\AndroidManifest.xml:18:19-57
23    <uses-feature android:name="android.hardware.camera.autofocus" />
23-->src\main\AndroidManifest.xml:19:5-70
23-->src\main\AndroidManifest.xml:19:19-67
24
25    <permission
25-->[androidx.core:core:1.16.0] AndroidManifest.xml:22:5-24:47
26        android:name="com.jabil.securityapp.DYNAMIC_RECEIVER_NOT_EXPORTED_PERMISSION"
26-->[androidx.core:core:1.16.0] AndroidManifest.xml:23:9-81
27        android:protectionLevel="signature" />
27-->[androidx.core:core:1.16.0] AndroidManifest.xml:24:9-44
28
29    <uses-permission android:name="com.jabil.securityapp.DYNAMIC_RECEIVER_NOT_EXPORTED_PERMISSION" />
29-->[androidx.core:core:1.16.0] AndroidManifest.xml:26:5-97
29-->[androidx.core:core:1.16.0] AndroidManifest.xml:26:22-94
30
31    <uses-feature
31-->[com.journeyapps:zxing-android-embedded:4.3.0] AndroidManifest.xml:28:5-30:36
32        android:name="android.hardware.camera.front"
32-->[com.journeyapps:zxing-android-embedded:4.3.0] AndroidManifest.xml:29:9-53
33        android:required="false" />
33-->[com.journeyapps:zxing-android-embedded:4.3.0] AndroidManifest.xml:30:9-33
34    <uses-feature
34-->[com.journeyapps:zxing-android-embedded:4.3.0] AndroidManifest.xml:36:5-38:36
35        android:name="android.hardware.camera.flash"
35-->[com.journeyapps:zxing-android-embedded:4.3.0] AndroidManifest.xml:37:9-53
36        android:required="false" />
36-->[com.journeyapps:zxing-android-embedded:4.3.0] AndroidManifest.xml:38:9-33
37    <uses-feature
37-->[com.journeyapps:zxing-android-embedded:4.3.0] AndroidManifest.xml:39:5-41:36
38        android:name="android.hardware.screen.landscape"
38-->[com.journeyapps:zxing-android-embedded:4.3.0] AndroidManifest.xml:40:9-57
39        android:required="false" />
39-->[com.journeyapps:zxing-android-embedded:4.3.0] AndroidManifest.xml:41:9-33
40    <uses-feature
40-->[com.journeyapps:zxing-android-embedded:4.3.0] AndroidManifest.xml:42:5-44:36
41        android:name="android.hardware.wifi"
41-->[com.journeyapps:zxing-android-embedded:4.3.0] AndroidManifest.xml:43:9-45
42        android:required="false" />
42-->[com.journeyapps:zxing-android-embedded:4.3.0] AndroidManifest.xml:44:9-33
43
44    <application
44-->src\main\AndroidManifest.xml:21:5-99:19
45        android:allowBackup="true"
45-->src\main\AndroidManifest.xml:22:9-35
46        android:appComponentFactory="androidx.core.app.CoreComponentFactory"
46-->[androidx.core:core:1.16.0] AndroidManifest.xml:28:18-86
47        android:dataExtractionRules="@xml/data_extraction_rules"
47-->src\main\AndroidManifest.xml:23:9-65
48        android:debuggable="true"
49        android:extractNativeLibs="false"
50        android:fullBackupContent="@xml/backup_rules"
50-->src\main\AndroidManifest.xml:24:9-54
51        android:icon="@mipmap/ic_launcher"
51-->src\main\AndroidManifest.xml:25:9-43
52        android:label="@string/app_name"
52-->src\main\AndroidManifest.xml:26:9-41
53        android:supportsRtl="true"
53-->src\main\AndroidManifest.xml:27:9-35
54        android:theme="@style/Theme.AppCompat.NoActionBar" >
54-->src\main\AndroidManifest.xml:28:9-59
55        <activity
55-->src\main\AndroidManifest.xml:30:9-40:20
56            android:name="com.jabil.securityapp.SplashActivity"
56-->src\main\AndroidManifest.xml:31:13-43
57            android:exported="true" >
57-->src\main\AndroidManifest.xml:32:13-36
58            <intent-filter>
58-->src\main\AndroidManifest.xml:34:13-38:29
59                <action android:name="android.intent.action.MAIN" />
59-->src\main\AndroidManifest.xml:35:17-69
59-->src\main\AndroidManifest.xml:35:25-66
60
61                <category android:name="android.intent.category.LAUNCHER" />
61-->src\main\AndroidManifest.xml:37:17-77
61-->src\main\AndroidManifest.xml:37:27-74
62            </intent-filter>
63        </activity>
64        <activity
64-->src\main\AndroidManifest.xml:42:9-46:45
65            android:name="com.journeyapps.barcodescanner.CaptureActivity"
65-->src\main\AndroidManifest.xml:43:13-74
66            android:clearTaskOnLaunch="true"
66-->[com.journeyapps:zxing-android-embedded:4.3.0] AndroidManifest.xml:49:13-45
67            android:screenOrientation="portrait"
67-->src\main\AndroidManifest.xml:44:13-49
68            android:stateNotNeeded="true"
68-->src\main\AndroidManifest.xml:46:13-42
69            android:theme="@style/zxing_CaptureTheme"
69-->[com.journeyapps:zxing-android-embedded:4.3.0] AndroidManifest.xml:52:13-54
70            android:windowSoftInputMode="stateAlwaysHidden" />
70-->[com.journeyapps:zxing-android-embedded:4.3.0] AndroidManifest.xml:53:13-60
71        <activity
71-->src\main\AndroidManifest.xml:48:9-53:57
72            android:name="com.jabil.securityapp.camera.AnyOrientationCaptureActivity"
72-->src\main\AndroidManifest.xml:49:13-65
73            android:screenOrientation="portrait"
73-->src\main\AndroidManifest.xml:50:13-49
74            android:stateNotNeeded="true"
74-->src\main\AndroidManifest.xml:51:13-42
75            android:theme="@style/Theme.AppCompat.Light.NoActionBar" />
75-->src\main\AndroidManifest.xml:52:13-69
76        <activity
76-->src\main\AndroidManifest.xml:55:9-58:51
77            android:name="com.jabil.securityapp.MainActivity"
77-->src\main\AndroidManifest.xml:56:13-41
78            android:exported="false"
78-->src\main\AndroidManifest.xml:57:13-37
79            android:screenOrientation="portrait" />
79-->src\main\AndroidManifest.xml:58:13-49
80        <activity
80-->src\main\AndroidManifest.xml:59:9-63:66
81            android:name="com.jabil.securityapp.BlockedActivity"
81-->src\main\AndroidManifest.xml:60:13-44
82            android:excludeFromRecents="true"
82-->src\main\AndroidManifest.xml:61:13-46
83            android:launchMode="singleTop"
83-->src\main\AndroidManifest.xml:62:13-43
84            android:theme="@style/Theme.AppCompat.NoActionBar" />
84-->src\main\AndroidManifest.xml:63:13-63
85
86        <service
86-->src\main\AndroidManifest.xml:65:9-73:19
87            android:name="com.jabil.securityapp.CameraBlockerService"
87-->src\main\AndroidManifest.xml:66:13-49
88            android:enabled="true"
88-->src\main\AndroidManifest.xml:67:13-35
89            android:exported="false"
89-->src\main\AndroidManifest.xml:68:13-37
90            android:foregroundServiceType="specialUse|camera" >
90-->src\main\AndroidManifest.xml:69:13-62
91            <property
91-->src\main\AndroidManifest.xml:70:13-72:53
92                android:name="android.app.property.FOREGROUND_SERVICE_TYPE"
92-->src\main\AndroidManifest.xml:71:17-76
93                android:value="specialUse|camera" />
93-->src\main\AndroidManifest.xml:72:17-50
94        </service>
95
96        <receiver
96-->src\main\AndroidManifest.xml:75:9-89:20
97            android:name="com.jabil.securityapp.DeviceAdminReceiver"
97-->src\main\AndroidManifest.xml:76:13-48
98            android:description="@string/device_admin_description"
98-->src\main\AndroidManifest.xml:77:13-67
99            android:exported="true"
99-->src\main\AndroidManifest.xml:78:13-36
100            android:label="@string/device_admin_label"
100-->src\main\AndroidManifest.xml:79:13-55
101            android:permission="android.permission.BIND_DEVICE_ADMIN" >
101-->src\main\AndroidManifest.xml:80:13-70
102            <meta-data
102-->src\main\AndroidManifest.xml:81:13-83:65
103                android:name="android.app.device_admin"
103-->src\main\AndroidManifest.xml:82:17-56
104                android:resource="@xml/device_admin_receiver" />
104-->src\main\AndroidManifest.xml:83:17-62
105
106            <intent-filter>
106-->src\main\AndroidManifest.xml:85:13-88:29
107                <action android:name="android.app.action.DEVICE_ADMIN_ENABLED" />
107-->src\main\AndroidManifest.xml:86:17-82
107-->src\main\AndroidManifest.xml:86:25-79
108                <action android:name="android.app.action.DEVICE_ADMIN_DISABLED" />
108-->src\main\AndroidManifest.xml:87:17-83
108-->src\main\AndroidManifest.xml:87:25-80
109            </intent-filter>
110        </receiver>
111        <receiver
111-->src\main\AndroidManifest.xml:90:9-98:20
112            android:name="com.jabil.securityapp.BootReceiver"
112-->src\main\AndroidManifest.xml:91:13-41
113            android:enabled="true"
113-->src\main\AndroidManifest.xml:92:13-35
114            android:exported="true" >
114-->src\main\AndroidManifest.xml:93:13-36
115            <intent-filter>
115-->src\main\AndroidManifest.xml:94:13-97:29
116                <action android:name="android.intent.action.BOOT_COMPLETED" />
116-->src\main\AndroidManifest.xml:95:17-79
116-->src\main\AndroidManifest.xml:95:25-76
117                <action android:name="android.intent.action.QUICKBOOT_POWERON" />
117-->src\main\AndroidManifest.xml:96:17-82
117-->src\main\AndroidManifest.xml:96:25-79
118            </intent-filter>
119        </receiver>
120
121        <provider
121-->[androidx.emoji2:emoji2:1.2.0] AndroidManifest.xml:24:9-32:20
122            android:name="androidx.startup.InitializationProvider"
122-->[androidx.emoji2:emoji2:1.2.0] AndroidManifest.xml:25:13-67
123            android:authorities="com.jabil.securityapp.androidx-startup"
123-->[androidx.emoji2:emoji2:1.2.0] AndroidManifest.xml:26:13-68
124            android:exported="false" >
124-->[androidx.emoji2:emoji2:1.2.0] AndroidManifest.xml:27:13-37
125            <meta-data
125-->[androidx.emoji2:emoji2:1.2.0] AndroidManifest.xml:29:13-31:52
126                android:name="androidx.emoji2.text.EmojiCompatInitializer"
126-->[androidx.emoji2:emoji2:1.2.0] AndroidManifest.xml:30:17-75
127                android:value="androidx.startup" />
127-->[androidx.emoji2:emoji2:1.2.0] AndroidManifest.xml:31:17-49
128            <meta-data
128-->[androidx.lifecycle:lifecycle-process:2.7.0] AndroidManifest.xml:29:13-31:52
129                android:name="androidx.lifecycle.ProcessLifecycleInitializer"
129-->[androidx.lifecycle:lifecycle-process:2.7.0] AndroidManifest.xml:30:17-78
130                android:value="androidx.startup" />
130-->[androidx.lifecycle:lifecycle-process:2.7.0] AndroidManifest.xml:31:17-49
131            <meta-data
131-->[androidx.profileinstaller:profileinstaller:1.4.0] AndroidManifest.xml:29:13-31:52
132                android:name="androidx.profileinstaller.ProfileInstallerInitializer"
132-->[androidx.profileinstaller:profileinstaller:1.4.0] AndroidManifest.xml:30:17-85
133                android:value="androidx.startup" />
133-->[androidx.profileinstaller:profileinstaller:1.4.0] AndroidManifest.xml:31:17-49
134        </provider>
135
136        <receiver
136-->[androidx.profileinstaller:profileinstaller:1.4.0] AndroidManifest.xml:34:9-52:20
137            android:name="androidx.profileinstaller.ProfileInstallReceiver"
137-->[androidx.profileinstaller:profileinstaller:1.4.0] AndroidManifest.xml:35:13-76
138            android:directBootAware="false"
138-->[androidx.profileinstaller:profileinstaller:1.4.0] AndroidManifest.xml:36:13-44
139            android:enabled="true"
139-->[androidx.profileinstaller:profileinstaller:1.4.0] AndroidManifest.xml:37:13-35
140            android:exported="true"
140-->[androidx.profileinstaller:profileinstaller:1.4.0] AndroidManifest.xml:38:13-36
141            android:permission="android.permission.DUMP" >
141-->[androidx.profileinstaller:profileinstaller:1.4.0] AndroidManifest.xml:39:13-57
142            <intent-filter>
142-->[androidx.profileinstaller:profileinstaller:1.4.0] AndroidManifest.xml:40:13-42:29
143                <action android:name="androidx.profileinstaller.action.INSTALL_PROFILE" />
143-->[androidx.profileinstaller:profileinstaller:1.4.0] AndroidManifest.xml:41:17-91
143-->[androidx.profileinstaller:profileinstaller:1.4.0] AndroidManifest.xml:41:25-88
144            </intent-filter>
145            <intent-filter>
145-->[androidx.profileinstaller:profileinstaller:1.4.0] AndroidManifest.xml:43:13-45:29
146                <action android:name="androidx.profileinstaller.action.SKIP_FILE" />
146-->[androidx.profileinstaller:profileinstaller:1.4.0] AndroidManifest.xml:44:17-85
146-->[androidx.profileinstaller:profileinstaller:1.4.0] AndroidManifest.xml:44:25-82
147            </intent-filter>
148            <intent-filter>
148-->[androidx.profileinstaller:profileinstaller:1.4.0] AndroidManifest.xml:46:13-48:29
149                <action android:name="androidx.profileinstaller.action.SAVE_PROFILE" />
149-->[androidx.profileinstaller:profileinstaller:1.4.0] AndroidManifest.xml:47:17-88
149-->[androidx.profileinstaller:profileinstaller:1.4.0] AndroidManifest.xml:47:25-85
150            </intent-filter>
151            <intent-filter>
151-->[androidx.profileinstaller:profileinstaller:1.4.0] AndroidManifest.xml:49:13-51:29
152                <action android:name="androidx.profileinstaller.action.BENCHMARK_OPERATION" />
152-->[androidx.profileinstaller:profileinstaller:1.4.0] AndroidManifest.xml:50:17-95
152-->[androidx.profileinstaller:profileinstaller:1.4.0] AndroidManifest.xml:50:25-92
153            </intent-filter>
154        </receiver>
155    </application>
156
157</manifest>